{"C:\\Users\\LENOVO\\Documents\\UNNES\\MSIB\\MSIB BATCH 7 - Binar Academy\\Challenge\\CHAPTER 7\\challenge-ch7-main\\server.js": {"path":"C:\\Users\\LENOVO\\Documents\\UNNES\\MSIB\\MSIB BATCH 7 - Binar Academy\\Challenge\\CHAPTER 7\\challenge-ch7-main\\server.js","statementMap":{"0":{"start":{"line":1,"column":0},"end":{"line":1,"column":27}},"1":{"start":{"line":3,"column":16},"end":{"line":3,"column":34}},"2":{"start":{"line":4,"column":15},"end":{"line":4,"column":32}},"3":{"start":{"line":5,"column":13},"end":{"line":5,"column":28}},"4":{"start":{"line":7,"column":24},"end":{"line":7,"column":64}},"5":{"start":{"line":8,"column":15},"end":{"line":8,"column":34}},"6":{"start":{"line":9,"column":26},"end":{"line":9,"column":57}},"7":{"start":{"line":11,"column":12},"end":{"line":11,"column":21}},"8":{"start":{"line":12,"column":0},"end":{"line":12,"column":16}},"9":{"start":{"line":13,"column":0},"end":{"line":13,"column":24}},"10":{"start":{"line":14,"column":0},"end":{"line":14,"column":49}},"11":{"start":{"line":15,"column":0},"end":{"line":15,"column":47}},"12":{"start":{"line":17,"column":0},"end":{"line":17,"column":39}},"13":{"start":{"line":18,"column":0},"end":{"line":18,"column":30}},"14":{"start":{"line":21,"column":0},"end":{"line":21,"column":31}},"15":{"start":{"line":22,"column":0},"end":{"line":22,"column":16}},"16":{"start":{"line":24,"column":0},"end":{"line":24,"column":32}},"17":{"start":{"line":25,"column":0},"end":{"line":25,"column":33}},"18":{"start":{"line":27,"column":0},"end":{"line":27,"column":21}}},"fnMap":{},"branchMap":{},"s":{"0":1,"1":1,"2":1,"3":1,"4":1,"5":1,"6":1,"7":1,"8":1,"9":1,"10":1,"11":1,"12":1,"13":1,"14":1,"15":1,"16":1,"17":1,"18":1},"f":{},"b":{},"_coverageSchema":"1a1c01bbd47fc00a2c39e90264f33305004495a9","hash":"174800a9d16672c3372c4e2c12fde69c97f85de1"}
,"C:\\Users\\LENOVO\\Documents\\UNNES\\MSIB\\MSIB BATCH 7 - Binar Academy\\Challenge\\CHAPTER 7\\challenge-ch7-main\\config\\application.js": {"path":"C:\\Users\\LENOVO\\Documents\\UNNES\\MSIB\\MSIB BATCH 7 - Binar Academy\\Challenge\\CHAPTER 7\\challenge-ch7-main\\config\\application.js","statementMap":{"0":{"start":{"line":1,"column":0},"end":{"line":5,"column":2}}},"fnMap":{},"branchMap":{"0":{"loc":{"start":{"line":4,"column":21},"end":{"line":4,"column":78}},"type":"binary-expr","locations":[{"start":{"line":4,"column":21},"end":{"line":4,"column":50}},{"start":{"line":4,"column":54},"end":{"line":4,"column":78}}],"line":4}},"s":{"0":1},"f":{},"b":{"0":[1,1]},"_coverageSchema":"1a1c01bbd47fc00a2c39e90264f33305004495a9","hash":"a200466ea0c18b81da579c41bbb2f894d47694f3"}
,"C:\\Users\\LENOVO\\Documents\\UNNES\\MSIB\\MSIB BATCH 7 - Binar Academy\\Challenge\\CHAPTER 7\\challenge-ch7-main\\config\\database.js": {"path":"C:\\Users\\LENOVO\\Documents\\UNNES\\MSIB\\MSIB BATCH 7 - Binar Academy\\Challenge\\CHAPTER 7\\challenge-ch7-main\\config\\database.js","statementMap":{"0":{"start":{"line":1,"column":15},"end":{"line":1,"column":32}},"1":{"start":{"line":2,"column":0},"end":{"line":2,"column":16}},"2":{"start":{"line":4,"column":0},"end":{"line":29,"column":2}}},"fnMap":{},"branchMap":{"0":{"loc":{"start":{"line":9,"column":10},"end":{"line":9,"column":44}},"type":"binary-expr","locations":[{"start":{"line":9,"column":10},"end":{"line":9,"column":29}},{"start":{"line":9,"column":33},"end":{"line":9,"column":44}}],"line":9},"1":{"loc":{"start":{"line":11,"column":10},"end":{"line":11,"column":37}},"type":"binary-expr","locations":[{"start":{"line":11,"column":10},"end":{"line":11,"column":29}},{"start":{"line":11,"column":33},"end":{"line":11,"column":37}}],"line":11},"2":{"loc":{"start":{"line":17,"column":10},"end":{"line":17,"column":44}},"type":"binary-expr","locations":[{"start":{"line":17,"column":10},"end":{"line":17,"column":29}},{"start":{"line":17,"column":33},"end":{"line":17,"column":44}}],"line":17},"3":{"loc":{"start":{"line":19,"column":10},"end":{"line":19,"column":37}},"type":"binary-expr","locations":[{"start":{"line":19,"column":10},"end":{"line":19,"column":29}},{"start":{"line":19,"column":33},"end":{"line":19,"column":37}}],"line":19},"4":{"loc":{"start":{"line":25,"column":10},"end":{"line":25,"column":44}},"type":"binary-expr","locations":[{"start":{"line":25,"column":10},"end":{"line":25,"column":29}},{"start":{"line":25,"column":33},"end":{"line":25,"column":44}}],"line":25},"5":{"loc":{"start":{"line":27,"column":10},"end":{"line":27,"column":37}},"type":"binary-expr","locations":[{"start":{"line":27,"column":10},"end":{"line":27,"column":29}},{"start":{"line":27,"column":33},"end":{"line":27,"column":37}}],"line":27}},"s":{"0":1,"1":1,"2":1},"f":{},"b":{"0":[1,0],"1":[1,0],"2":[1,0],"3":[1,0],"4":[1,0],"5":[1,0]},"_coverageSchema":"1a1c01bbd47fc00a2c39e90264f33305004495a9","hash":"c8e578dacb1b7014364e0a11552880e4d94f0d01"}
,"C:\\Users\\LENOVO\\Documents\\UNNES\\MSIB\\MSIB BATCH 7 - Binar Academy\\Challenge\\CHAPTER 7\\challenge-ch7-main\\controllers\\adminController.js": {"path":"C:\\Users\\LENOVO\\Documents\\UNNES\\MSIB\\MSIB BATCH 7 - Binar Academy\\Challenge\\CHAPTER 7\\challenge-ch7-main\\controllers\\adminController.js","statementMap":{"0":{"start":{"line":1,"column":20},"end":{"line":1,"column":40}},"1":{"start":{"line":2,"column":17},"end":{"line":2,"column":43}},"2":{"start":{"line":4,"column":19},"end":{"line":6,"column":1}},"3":{"start":{"line":5,"column":2},"end":{"line":5,"column":27}},"4":{"start":{"line":8,"column":22},"end":{"line":41,"column":1}},"5":{"start":{"line":9,"column":33},"end":{"line":9,"column":41}},"6":{"start":{"line":10,"column":15},"end":{"line":10,"column":23}},"7":{"start":{"line":12,"column":2},"end":{"line":12,"column":24}},"8":{"start":{"line":14,"column":2},"end":{"line":40,"column":3}},"9":{"start":{"line":16,"column":18},"end":{"line":16,"column":46}},"10":{"start":{"line":17,"column":22},"end":{"line":17,"column":45}},"11":{"start":{"line":20,"column":16},"end":{"line":23,"column":6}},"12":{"start":{"line":27,"column":4},"end":{"line":32,"column":7}},"13":{"start":{"line":34,"column":4},"end":{"line":34,"column":37}},"14":{"start":{"line":36,"column":4},"end":{"line":39,"column":7}},"15":{"start":{"line":43,"column":21},"end":{"line":56,"column":1}},"16":{"start":{"line":44,"column":2},"end":{"line":55,"column":3}},"17":{"start":{"line":45,"column":21},"end":{"line":45,"column":44}},"18":{"start":{"line":47,"column":4},"end":{"line":49,"column":7}},"19":{"start":{"line":51,"column":4},"end":{"line":54,"column":7}},"20":{"start":{"line":58,"column":0},"end":{"line":62,"column":2}}},"fnMap":{"0":{"name":"(anonymous_0)","decl":{"start":{"line":4,"column":19},"end":{"line":4,"column":20}},"loc":{"start":{"line":4,"column":39},"end":{"line":6,"column":1}},"line":4},"1":{"name":"(anonymous_1)","decl":{"start":{"line":8,"column":22},"end":{"line":8,"column":23}},"loc":{"start":{"line":8,"column":42},"end":{"line":41,"column":1}},"line":8},"2":{"name":"(anonymous_2)","decl":{"start":{"line":43,"column":21},"end":{"line":43,"column":22}},"loc":{"start":{"line":43,"column":41},"end":{"line":56,"column":1}},"line":43}},"branchMap":{},"s":{"0":1,"1":1,"2":1,"3":0,"4":1,"5":0,"6":0,"7":0,"8":0,"9":0,"10":0,"11":0,"12":0,"13":0,"14":0,"15":1,"16":0,"17":0,"18":0,"19":0,"20":1},"f":{"0":0,"1":0,"2":0},"b":{},"_coverageSchema":"1a1c01bbd47fc00a2c39e90264f33305004495a9","hash":"2c975116ea46ffff171a789cdfa0bc0e5f2f4fae"}
,"C:\\Users\\LENOVO\\Documents\\UNNES\\MSIB\\MSIB BATCH 7 - Binar Academy\\Challenge\\CHAPTER 7\\challenge-ch7-main\\controllers\\authController.js": {"path":"C:\\Users\\LENOVO\\Documents\\UNNES\\MSIB\\MSIB BATCH 7 - Binar Academy\\Challenge\\CHAPTER 7\\challenge-ch7-main\\controllers\\authController.js","statementMap":{"0":{"start":{"line":1,"column":15},"end":{"line":1,"column":32}},"1":{"start":{"line":2,"column":12},"end":{"line":2,"column":35}},"2":{"start":{"line":3,"column":23},"end":{"line":3,"column":43}},"3":{"start":{"line":4,"column":17},"end":{"line":4,"column":45}},"4":{"start":{"line":6,"column":17},"end":{"line":53,"column":1}},"5":{"start":{"line":7,"column":2},"end":{"line":52,"column":3}},"6":{"start":{"line":8,"column":55},"end":{"line":8,"column":63}},"7":{"start":{"line":9,"column":4},"end":{"line":11,"column":5}},"8":{"start":{"line":10,"column":6},"end":{"line":10,"column":68}},"9":{"start":{"line":13,"column":4},"end":{"line":13,"column":32}},"10":{"start":{"line":15,"column":17},"end":{"line":19,"column":6}},"11":{"start":{"line":20,"column":4},"end":{"line":22,"column":5}},"12":{"start":{"line":21,"column":6},"end":{"line":21,"column":65}},"13":{"start":{"line":24,"column":4},"end":{"line":26,"column":5}},"14":{"start":{"line":25,"column":6},"end":{"line":25,"column":77}},"15":{"start":{"line":28,"column":23},"end":{"line":28,"column":25}},"16":{"start":{"line":29,"column":27},"end":{"line":29,"column":64}},"17":{"start":{"line":31,"column":20},"end":{"line":36,"column":6}},"18":{"start":{"line":37,"column":4},"end":{"line":41,"column":7}},"19":{"start":{"line":43,"column":4},"end":{"line":49,"column":7}},"20":{"start":{"line":51,"column":4},"end":{"line":51,"column":41}},"21":{"start":{"line":55,"column":14},"end":{"line":92,"column":1}},"22":{"start":{"line":56,"column":2},"end":{"line":91,"column":3}},"23":{"start":{"line":57,"column":32},"end":{"line":57,"column":40}},"24":{"start":{"line":59,"column":17},"end":{"line":64,"column":6}},"25":{"start":{"line":66,"column":4},"end":{"line":88,"column":5}},"26":{"start":{"line":67,"column":20},"end":{"line":79,"column":7}},"27":{"start":{"line":81,"column":6},"end":{"line":85,"column":9}},"28":{"start":{"line":87,"column":6},"end":{"line":87,"column":70}},"29":{"start":{"line":90,"column":4},"end":{"line":90,"column":41}},"30":{"start":{"line":94,"column":21},"end":{"line":105,"column":1}},"31":{"start":{"line":95,"column":2},"end":{"line":104,"column":3}},"32":{"start":{"line":96,"column":4},"end":{"line":101,"column":7}},"33":{"start":{"line":103,"column":4},"end":{"line":103,"column":41}},"34":{"start":{"line":107,"column":0},"end":{"line":111,"column":2}}},"fnMap":{"0":{"name":"(anonymous_0)","decl":{"start":{"line":6,"column":17},"end":{"line":6,"column":18}},"loc":{"start":{"line":6,"column":43},"end":{"line":53,"column":1}},"line":6},"1":{"name":"(anonymous_1)","decl":{"start":{"line":55,"column":14},"end":{"line":55,"column":15}},"loc":{"start":{"line":55,"column":40},"end":{"line":92,"column":1}},"line":55},"2":{"name":"(anonymous_2)","decl":{"start":{"line":94,"column":21},"end":{"line":94,"column":22}},"loc":{"start":{"line":94,"column":41},"end":{"line":105,"column":1}},"line":94}},"branchMap":{"0":{"loc":{"start":{"line":9,"column":4},"end":{"line":11,"column":5}},"type":"if","locations":[{"start":{"line":9,"column":4},"end":{"line":11,"column":5}},{"start":{},"end":{}}],"line":9},"1":{"loc":{"start":{"line":9,"column":8},"end":{"line":9,"column":53}},"type":"binary-expr","locations":[{"start":{"line":9,"column":8},"end":{"line":9,"column":13}},{"start":{"line":9,"column":17},"end":{"line":9,"column":23}},{"start":{"line":9,"column":27},"end":{"line":9,"column":36}},{"start":{"line":9,"column":40},"end":{"line":9,"column":44}},{"start":{"line":9,"column":48},"end":{"line":9,"column":53}}],"line":9},"2":{"loc":{"start":{"line":20,"column":4},"end":{"line":22,"column":5}},"type":"if","locations":[{"start":{"line":20,"column":4},"end":{"line":22,"column":5}},{"start":{},"end":{}}],"line":20},"3":{"loc":{"start":{"line":24,"column":4},"end":{"line":26,"column":5}},"type":"if","locations":[{"start":{"line":24,"column":4},"end":{"line":26,"column":5}},{"start":{},"end":{}}],"line":24},"4":{"loc":{"start":{"line":35,"column":14},"end":{"line":35,"column":25}},"type":"binary-expr","locations":[{"start":{"line":35,"column":14},"end":{"line":35,"column":20}},{"start":{"line":35,"column":24},"end":{"line":35,"column":25}}],"line":35},"5":{"loc":{"start":{"line":66,"column":4},"end":{"line":88,"column":5}},"type":"if","locations":[{"start":{"line":66,"column":4},"end":{"line":88,"column":5}},{"start":{"line":86,"column":11},"end":{"line":88,"column":5}}],"line":66},"6":{"loc":{"start":{"line":66,"column":8},"end":{"line":66,"column":59}},"type":"binary-expr","locations":[{"start":{"line":66,"column":8},"end":{"line":66,"column":12}},{"start":{"line":66,"column":16},"end":{"line":66,"column":59}}],"line":66}},"s":{"0":1,"1":1,"2":1,"3":1,"4":1,"5":4,"6":4,"7":4,"8":1,"9":3,"10":3,"11":3,"12":2,"13":1,"14":1,"15":0,"16":0,"17":0,"18":0,"19":0,"20":0,"21":1,"22":2,"23":2,"24":2,"25":2,"26":1,"27":1,"28":1,"29":0,"30":1,"31":0,"32":0,"33":0,"34":1},"f":{"0":4,"1":2,"2":0},"b":{"0":[1,3],"1":[4,4,3,3,3],"2":[2,1],"3":[1,0],"4":[0,0],"5":[1,1],"6":[2,1]},"_coverageSchema":"1a1c01bbd47fc00a2c39e90264f33305004495a9","hash":"396fb08518581546131dc5132f3f017862a6103e"}
,"C:\\Users\\LENOVO\\Documents\\UNNES\\MSIB\\MSIB BATCH 7 - Binar Academy\\Challenge\\CHAPTER 7\\challenge-ch7-main\\controllers\\errorController.js": {"path":"C:\\Users\\LENOVO\\Documents\\UNNES\\MSIB\\MSIB BATCH 7 - Binar Academy\\Challenge\\CHAPTER 7\\challenge-ch7-main\\controllers\\errorController.js","statementMap":{"0":{"start":{"line":1,"column":17},"end":{"line":1,"column":45}},"1":{"start":{"line":3,"column":0},"end":{"line":18,"column":2}},"2":{"start":{"line":5,"column":4},"end":{"line":5,"column":43}},"3":{"start":{"line":6,"column":4},"end":{"line":6,"column":28}},"4":{"start":{"line":7,"column":4},"end":{"line":7,"column":30}},"5":{"start":{"line":9,"column":4},"end":{"line":12,"column":7}},"6":{"start":{"line":16,"column":4},"end":{"line":16,"column":48}}},"fnMap":{"0":{"name":"(anonymous_0)","decl":{"start":{"line":4,"column":2},"end":{"line":4,"column":3}},"loc":{"start":{"line":4,"column":31},"end":{"line":13,"column":3}},"line":4},"1":{"name":"(anonymous_1)","decl":{"start":{"line":15,"column":2},"end":{"line":15,"column":3}},"loc":{"start":{"line":15,"column":25},"end":{"line":17,"column":3}},"line":15}},"branchMap":{"0":{"loc":{"start":{"line":5,"column":21},"end":{"line":5,"column":42}},"type":"binary-expr","locations":[{"start":{"line":5,"column":21},"end":{"line":5,"column":35}},{"start":{"line":5,"column":39},"end":{"line":5,"column":42}}],"line":5}},"s":{"0":1,"1":1,"2":5,"3":5,"4":5,"5":5,"6":0},"f":{"0":5,"1":0},"b":{"0":[5,0]},"_coverageSchema":"1a1c01bbd47fc00a2c39e90264f33305004495a9","hash":"926b9626e3a48efe038cb25a4637effedc54618b"}
,"C:\\Users\\LENOVO\\Documents\\UNNES\\MSIB\\MSIB BATCH 7 - Binar Academy\\Challenge\\CHAPTER 7\\challenge-ch7-main\\controllers\\productController.js": {"path":"C:\\Users\\LENOVO\\Documents\\UNNES\\MSIB\\MSIB BATCH 7 - Binar Academy\\Challenge\\CHAPTER 7\\challenge-ch7-main\\controllers\\productController.js","statementMap":{"0":{"start":{"line":1,"column":32},"end":{"line":1,"column":52}},"1":{"start":{"line":2,"column":17},"end":{"line":2,"column":43}},"2":{"start":{"line":3,"column":17},"end":{"line":3,"column":45}},"3":{"start":{"line":4,"column":15},"end":{"line":4,"column":35}},"4":{"start":{"line":6,"column":22},"end":{"line":60,"column":1}},"5":{"start":{"line":7,"column":33},"end":{"line":7,"column":41}},"6":{"start":{"line":8,"column":16},"end":{"line":8,"column":25}},"7":{"start":{"line":9,"column":15},"end":{"line":9,"column":17}},"8":{"start":{"line":11,"column":2},"end":{"line":59,"column":3}},"9":{"start":{"line":12,"column":4},"end":{"line":25,"column":5}},"10":{"start":{"line":13,"column":6},"end":{"line":24,"column":8}},"11":{"start":{"line":15,"column":24},"end":{"line":15,"column":52}},"12":{"start":{"line":16,"column":28},"end":{"line":16,"column":51}},"13":{"start":{"line":18,"column":32},"end":{"line":21,"column":12}},"14":{"start":{"line":22,"column":10},"end":{"line":22,"column":41}},"15":{"start":{"line":28,"column":4},"end":{"line":40,"column":5}},"16":{"start":{"line":29,"column":6},"end":{"line":36,"column":7}},"17":{"start":{"line":30,"column":8},"end":{"line":35,"column":10}},"18":{"start":{"line":37,"column":6},"end":{"line":37,"column":31}},"19":{"start":{"line":39,"column":6},"end":{"line":39,"column":31}},"20":{"start":{"line":42,"column":23},"end":{"line":49,"column":6}},"21":{"start":{"line":51,"column":4},"end":{"line":56,"column":7}},"22":{"start":{"line":58,"column":4},"end":{"line":58,"column":41}},"23":{"start":{"line":62,"column":21},"end":{"line":127,"column":1}},"24":{"start":{"line":63,"column":2},"end":{"line":126,"column":3}},"25":{"start":{"line":64,"column":57},"end":{"line":64,"column":66}},"26":{"start":{"line":65,"column":22},"end":{"line":65,"column":24}},"27":{"start":{"line":66,"column":4},"end":{"line":66,"column":73}},"28":{"start":{"line":66,"column":21},"end":{"line":66,"column":73}},"29":{"start":{"line":68,"column":33},"end":{"line":68,"column":35}},"30":{"start":{"line":69,"column":4},"end":{"line":69,"column":70}},"31":{"start":{"line":69,"column":14},"end":{"line":69,"column":70}},"32":{"start":{"line":71,"column":33},"end":{"line":71,"column":35}},"33":{"start":{"line":72,"column":4},"end":{"line":72,"column":77}},"34":{"start":{"line":72,"column":18},"end":{"line":72,"column":77}},"35":{"start":{"line":74,"column":20},"end":{"line":74,"column":39}},"36":{"start":{"line":75,"column":21},"end":{"line":75,"column":42}},"37":{"start":{"line":76,"column":19},"end":{"line":76,"column":43}},"38":{"start":{"line":78,"column":25},"end":{"line":78,"column":34}},"39":{"start":{"line":80,"column":4},"end":{"line":87,"column":5}},"40":{"start":{"line":81,"column":6},"end":{"line":81,"column":21}},"41":{"start":{"line":83,"column":6},"end":{"line":86,"column":8}},"42":{"start":{"line":89,"column":23},"end":{"line":89,"column":69}},"43":{"start":{"line":91,"column":21},"end":{"line":108,"column":6}},"44":{"start":{"line":110,"column":23},"end":{"line":110,"column":55}},"45":{"start":{"line":112,"column":4},"end":{"line":123,"column":7}},"46":{"start":{"line":125,"column":4},"end":{"line":125,"column":41}},"47":{"start":{"line":129,"column":24},"end":{"line":156,"column":1}},"48":{"start":{"line":130,"column":2},"end":{"line":155,"column":3}},"49":{"start":{"line":131,"column":20},"end":{"line":135,"column":6}},"50":{"start":{"line":137,"column":4},"end":{"line":141,"column":5}},"51":{"start":{"line":138,"column":6},"end":{"line":140,"column":8}},"52":{"start":{"line":143,"column":4},"end":{"line":145,"column":5}},"53":{"start":{"line":144,"column":6},"end":{"line":144,"column":79}},"54":{"start":{"line":147,"column":4},"end":{"line":152,"column":7}},"55":{"start":{"line":154,"column":4},"end":{"line":154,"column":41}},"56":{"start":{"line":158,"column":22},"end":{"line":217,"column":1}},"57":{"start":{"line":159,"column":33},"end":{"line":159,"column":41}},"58":{"start":{"line":160,"column":16},"end":{"line":160,"column":25}},"59":{"start":{"line":161,"column":15},"end":{"line":161,"column":17}},"60":{"start":{"line":163,"column":2},"end":{"line":216,"column":3}},"61":{"start":{"line":164,"column":4},"end":{"line":177,"column":5}},"62":{"start":{"line":165,"column":6},"end":{"line":176,"column":8}},"63":{"start":{"line":167,"column":24},"end":{"line":167,"column":52}},"64":{"start":{"line":168,"column":28},"end":{"line":168,"column":51}},"65":{"start":{"line":170,"column":32},"end":{"line":173,"column":12}},"66":{"start":{"line":174,"column":10},"end":{"line":174,"column":41}},"67":{"start":{"line":180,"column":4},"end":{"line":192,"column":5}},"68":{"start":{"line":181,"column":6},"end":{"line":188,"column":7}},"69":{"start":{"line":182,"column":8},"end":{"line":187,"column":10}},"70":{"start":{"line":189,"column":6},"end":{"line":189,"column":31}},"71":{"start":{"line":191,"column":6},"end":{"line":191,"column":31}},"72":{"start":{"line":194,"column":4},"end":{"line":208,"column":6}},"73":{"start":{"line":210,"column":4},"end":{"line":213,"column":7}},"74":{"start":{"line":215,"column":4},"end":{"line":215,"column":41}},"75":{"start":{"line":219,"column":22},"end":{"line":236,"column":1}},"76":{"start":{"line":220,"column":13},"end":{"line":220,"column":26}},"77":{"start":{"line":222,"column":2},"end":{"line":235,"column":3}},"78":{"start":{"line":223,"column":4},"end":{"line":227,"column":7}},"79":{"start":{"line":229,"column":4},"end":{"line":232,"column":7}},"80":{"start":{"line":234,"column":4},"end":{"line":234,"column":41}},"81":{"start":{"line":238,"column":0},"end":{"line":244,"column":2}}},"fnMap":{"0":{"name":"(anonymous_0)","decl":{"start":{"line":6,"column":22},"end":{"line":6,"column":23}},"loc":{"start":{"line":6,"column":48},"end":{"line":60,"column":1}},"line":6},"1":{"name":"(anonymous_1)","decl":{"start":{"line":14,"column":18},"end":{"line":14,"column":19}},"loc":{"start":{"line":14,"column":34},"end":{"line":23,"column":9}},"line":14},"2":{"name":"(anonymous_2)","decl":{"start":{"line":62,"column":21},"end":{"line":62,"column":22}},"loc":{"start":{"line":62,"column":47},"end":{"line":127,"column":1}},"line":62},"3":{"name":"(anonymous_3)","decl":{"start":{"line":129,"column":24},"end":{"line":129,"column":25}},"loc":{"start":{"line":129,"column":50},"end":{"line":156,"column":1}},"line":129},"4":{"name":"(anonymous_4)","decl":{"start":{"line":158,"column":22},"end":{"line":158,"column":23}},"loc":{"start":{"line":158,"column":48},"end":{"line":217,"column":1}},"line":158},"5":{"name":"(anonymous_5)","decl":{"start":{"line":166,"column":18},"end":{"line":166,"column":19}},"loc":{"start":{"line":166,"column":34},"end":{"line":175,"column":9}},"line":166},"6":{"name":"(anonymous_6)","decl":{"start":{"line":219,"column":22},"end":{"line":219,"column":23}},"loc":{"start":{"line":219,"column":48},"end":{"line":236,"column":1}},"line":219}},"branchMap":{"0":{"loc":{"start":{"line":12,"column":4},"end":{"line":25,"column":5}},"type":"if","locations":[{"start":{"line":12,"column":4},"end":{"line":25,"column":5}},{"start":{},"end":{}}],"line":12},"1":{"loc":{"start":{"line":28,"column":4},"end":{"line":40,"column":5}},"type":"if","locations":[{"start":{"line":28,"column":4},"end":{"line":40,"column":5}},{"start":{"line":38,"column":11},"end":{"line":40,"column":5}}],"line":28},"2":{"loc":{"start":{"line":29,"column":6},"end":{"line":36,"column":7}},"type":"if","locations":[{"start":{"line":29,"column":6},"end":{"line":36,"column":7}},{"start":{},"end":{}}],"line":29},"3":{"loc":{"start":{"line":66,"column":4},"end":{"line":66,"column":73}},"type":"if","locations":[{"start":{"line":66,"column":4},"end":{"line":66,"column":73}},{"start":{},"end":{}}],"line":66},"4":{"loc":{"start":{"line":69,"column":4},"end":{"line":69,"column":70}},"type":"if","locations":[{"start":{"line":69,"column":4},"end":{"line":69,"column":70}},{"start":{},"end":{}}],"line":69},"5":{"loc":{"start":{"line":72,"column":4},"end":{"line":72,"column":77}},"type":"if","locations":[{"start":{"line":72,"column":4},"end":{"line":72,"column":77}},{"start":{},"end":{}}],"line":72},"6":{"loc":{"start":{"line":74,"column":20},"end":{"line":74,"column":39}},"type":"binary-expr","locations":[{"start":{"line":74,"column":20},"end":{"line":74,"column":34}},{"start":{"line":74,"column":38},"end":{"line":74,"column":39}}],"line":74},"7":{"loc":{"start":{"line":75,"column":21},"end":{"line":75,"column":42}},"type":"binary-expr","locations":[{"start":{"line":75,"column":21},"end":{"line":75,"column":36}},{"start":{"line":75,"column":40},"end":{"line":75,"column":42}}],"line":75},"8":{"loc":{"start":{"line":80,"column":4},"end":{"line":87,"column":5}},"type":"if","locations":[{"start":{"line":80,"column":4},"end":{"line":87,"column":5}},{"start":{"line":82,"column":11},"end":{"line":87,"column":5}}],"line":80},"9":{"loc":{"start":{"line":137,"column":4},"end":{"line":141,"column":5}},"type":"if","locations":[{"start":{"line":137,"column":4},"end":{"line":141,"column":5}},{"start":{},"end":{}}],"line":137},"10":{"loc":{"start":{"line":143,"column":4},"end":{"line":145,"column":5}},"type":"if","locations":[{"start":{"line":143,"column":4},"end":{"line":145,"column":5}},{"start":{},"end":{}}],"line":143},"11":{"loc":{"start":{"line":164,"column":4},"end":{"line":177,"column":5}},"type":"if","locations":[{"start":{"line":164,"column":4},"end":{"line":177,"column":5}},{"start":{},"end":{}}],"line":164},"12":{"loc":{"start":{"line":180,"column":4},"end":{"line":192,"column":5}},"type":"if","locations":[{"start":{"line":180,"column":4},"end":{"line":192,"column":5}},{"start":{"line":190,"column":11},"end":{"line":192,"column":5}}],"line":180},"13":{"loc":{"start":{"line":181,"column":6},"end":{"line":188,"column":7}},"type":"if","locations":[{"start":{"line":181,"column":6},"end":{"line":188,"column":7}},{"start":{},"end":{}}],"line":181}},"s":{"0":1,"1":1,"2":1,"3":1,"4":1,"5":0,"6":0,"7":0,"8":0,"9":0,"10":0,"11":0,"12":0,"13":0,"14":0,"15":0,"16":0,"17":0,"18":0,"19":0,"20":0,"21":0,"22":0,"23":1,"24":0,"25":0,"26":0,"27":0,"28":0,"29":0,"30":0,"31":0,"32":0,"33":0,"34":0,"35":0,"36":0,"37":0,"38":0,"39":0,"40":0,"41":0,"42":0,"43":0,"44":0,"45":0,"46":0,"47":1,"48":0,"49":0,"50":0,"51":0,"52":0,"53":0,"54":0,"55":0,"56":1,"57":0,"58":0,"59":0,"60":0,"61":0,"62":0,"63":0,"64":0,"65":0,"66":0,"67":0,"68":0,"69":0,"70":0,"71":0,"72":0,"73":0,"74":0,"75":1,"76":0,"77":0,"78":0,"79":0,"80":0,"81":1},"f":{"0":0,"1":0,"2":0,"3":0,"4":0,"5":0,"6":0},"b":{"0":[0,0],"1":[0,0],"2":[0,0],"3":[0,0],"4":[0,0],"5":[0,0],"6":[0,0],"7":[0,0],"8":[0,0],"9":[0,0],"10":[0,0],"11":[0,0],"12":[0,0],"13":[0,0]},"_coverageSchema":"1a1c01bbd47fc00a2c39e90264f33305004495a9","hash":"b2e35104d8de00d24eebc8dd5a3c28cb63c90633"}
,"C:\\Users\\LENOVO\\Documents\\UNNES\\MSIB\\MSIB BATCH 7 - Binar Academy\\Challenge\\CHAPTER 7\\challenge-ch7-main\\lib\\imagekit.js": {"path":"C:\\Users\\LENOVO\\Documents\\UNNES\\MSIB\\MSIB BATCH 7 - Binar Academy\\Challenge\\CHAPTER 7\\challenge-ch7-main\\lib\\imagekit.js","statementMap":{"0":{"start":{"line":1,"column":17},"end":{"line":1,"column":36}},"1":{"start":{"line":3,"column":17},"end":{"line":7,"column":2}},"2":{"start":{"line":9,"column":0},"end":{"line":9,"column":26}}},"fnMap":{},"branchMap":{},"s":{"0":1,"1":1,"2":1},"f":{},"b":{},"_coverageSchema":"1a1c01bbd47fc00a2c39e90264f33305004495a9","hash":"33ad0db34f169b88425d2365d4764a6758d6ac8d"}
,"C:\\Users\\LENOVO\\Documents\\UNNES\\MSIB\\MSIB BATCH 7 - Binar Academy\\Challenge\\CHAPTER 7\\challenge-ch7-main\\middlewares\\authenticate.js": {"path":"C:\\Users\\LENOVO\\Documents\\UNNES\\MSIB\\MSIB BATCH 7 - Binar Academy\\Challenge\\CHAPTER 7\\challenge-ch7-main\\middlewares\\authenticate.js","statementMap":{"0":{"start":{"line":1,"column":12},"end":{"line":1,"column":35}},"1":{"start":{"line":2,"column":23},"end":{"line":2,"column":43}},"2":{"start":{"line":3,"column":17},"end":{"line":3,"column":45}},"3":{"start":{"line":5,"column":0},"end":{"line":28,"column":2}},"4":{"start":{"line":6,"column":2},"end":{"line":27,"column":3}},"5":{"start":{"line":7,"column":24},"end":{"line":7,"column":49}},"6":{"start":{"line":9,"column":4},"end":{"line":11,"column":5}},"7":{"start":{"line":10,"column":6},"end":{"line":10,"column":57}},"8":{"start":{"line":13,"column":18},"end":{"line":13,"column":49}},"9":{"start":{"line":15,"column":20},"end":{"line":15,"column":61}},"10":{"start":{"line":16,"column":17},"end":{"line":18,"column":6}},"11":{"start":{"line":20,"column":4},"end":{"line":20,"column":20}},"12":{"start":{"line":21,"column":4},"end":{"line":21,"column":11}},"13":{"start":{"line":23,"column":4},"end":{"line":25,"column":5}},"14":{"start":{"line":24,"column":6},"end":{"line":24,"column":54}},"15":{"start":{"line":26,"column":4},"end":{"line":26,"column":41}}},"fnMap":{"0":{"name":"(anonymous_0)","decl":{"start":{"line":5,"column":17},"end":{"line":5,"column":18}},"loc":{"start":{"line":5,"column":43},"end":{"line":28,"column":1}},"line":5}},"branchMap":{"0":{"loc":{"start":{"line":9,"column":4},"end":{"line":11,"column":5}},"type":"if","locations":[{"start":{"line":9,"column":4},"end":{"line":11,"column":5}},{"start":{},"end":{}}],"line":9},"1":{"loc":{"start":{"line":23,"column":4},"end":{"line":25,"column":5}},"type":"if","locations":[{"start":{"line":23,"column":4},"end":{"line":25,"column":5}},{"start":{},"end":{}}],"line":23}},"s":{"0":1,"1":1,"2":1,"3":1,"4":0,"5":0,"6":0,"7":0,"8":0,"9":0,"10":0,"11":0,"12":0,"13":0,"14":0,"15":0},"f":{"0":0},"b":{"0":[0,0],"1":[0,0]},"_coverageSchema":"1a1c01bbd47fc00a2c39e90264f33305004495a9","hash":"312ec299afdba406e05800d1d4d4feb4646314ff"}
,"C:\\Users\\LENOVO\\Documents\\UNNES\\MSIB\\MSIB BATCH 7 - Binar Academy\\Challenge\\CHAPTER 7\\challenge-ch7-main\\middlewares\\checkId.js": {"path":"C:\\Users\\LENOVO\\Documents\\UNNES\\MSIB\\MSIB BATCH 7 - Binar Academy\\Challenge\\CHAPTER 7\\challenge-ch7-main\\middlewares\\checkId.js","statementMap":{"0":{"start":{"line":1,"column":17},"end":{"line":1,"column":45}},"1":{"start":{"line":3,"column":16},"end":{"line":15,"column":1}},"2":{"start":{"line":3,"column":27},"end":{"line":15,"column":1}},"3":{"start":{"line":4,"column":2},"end":{"line":14,"column":3}},"4":{"start":{"line":5,"column":21},"end":{"line":5,"column":56}},"5":{"start":{"line":7,"column":4},"end":{"line":9,"column":5}},"6":{"start":{"line":8,"column":6},"end":{"line":8,"column":64}},"7":{"start":{"line":11,"column":4},"end":{"line":11,"column":11}},"8":{"start":{"line":13,"column":4},"end":{"line":13,"column":41}},"9":{"start":{"line":17,"column":0},"end":{"line":17,"column":25}}},"fnMap":{"0":{"name":"(anonymous_0)","decl":{"start":{"line":3,"column":16},"end":{"line":3,"column":17}},"loc":{"start":{"line":3,"column":27},"end":{"line":15,"column":1}},"line":3},"1":{"name":"(anonymous_1)","decl":{"start":{"line":3,"column":27},"end":{"line":3,"column":28}},"loc":{"start":{"line":3,"column":53},"end":{"line":15,"column":1}},"line":3}},"branchMap":{"0":{"loc":{"start":{"line":7,"column":4},"end":{"line":9,"column":5}},"type":"if","locations":[{"start":{"line":7,"column":4},"end":{"line":9,"column":5}},{"start":{},"end":{}}],"line":7}},"s":{"0":1,"1":1,"2":3,"3":0,"4":0,"5":0,"6":0,"7":0,"8":0,"9":1},"f":{"0":3,"1":0},"b":{"0":[0,0]},"_coverageSchema":"1a1c01bbd47fc00a2c39e90264f33305004495a9","hash":"801ee941507de422bcf773614e33e8998590f3d7"}
,"C:\\Users\\LENOVO\\Documents\\UNNES\\MSIB\\MSIB BATCH 7 - Binar Academy\\Challenge\\CHAPTER 7\\challenge-ch7-main\\middlewares\\checkOwnership.js": {"path":"C:\\Users\\LENOVO\\Documents\\UNNES\\MSIB\\MSIB BATCH 7 - Binar Academy\\Challenge\\CHAPTER 7\\challenge-ch7-main\\middlewares\\checkOwnership.js","statementMap":{"0":{"start":{"line":1,"column":17},"end":{"line":1,"column":45}},"1":{"start":{"line":2,"column":20},"end":{"line":2,"column":40}},"2":{"start":{"line":4,"column":23},"end":{"line":16,"column":1}},"3":{"start":{"line":5,"column":2},"end":{"line":7,"column":3}},"4":{"start":{"line":6,"column":4},"end":{"line":6,"column":18}},"5":{"start":{"line":9,"column":18},"end":{"line":9,"column":55}},"6":{"start":{"line":11,"column":2},"end":{"line":13,"column":3}},"7":{"start":{"line":12,"column":4},"end":{"line":12,"column":76}},"8":{"start":{"line":15,"column":2},"end":{"line":15,"column":9}},"9":{"start":{"line":18,"column":0},"end":{"line":18,"column":32}}},"fnMap":{"0":{"name":"(anonymous_0)","decl":{"start":{"line":4,"column":23},"end":{"line":4,"column":24}},"loc":{"start":{"line":4,"column":49},"end":{"line":16,"column":1}},"line":4}},"branchMap":{"0":{"loc":{"start":{"line":5,"column":2},"end":{"line":7,"column":3}},"type":"if","locations":[{"start":{"line":5,"column":2},"end":{"line":7,"column":3}},{"start":{},"end":{}}],"line":5},"1":{"loc":{"start":{"line":11,"column":2},"end":{"line":13,"column":3}},"type":"if","locations":[{"start":{"line":11,"column":2},"end":{"line":13,"column":3}},{"start":{},"end":{}}],"line":11},"2":{"loc":{"start":{"line":11,"column":6},"end":{"line":11,"column":72}},"type":"binary-expr","locations":[{"start":{"line":11,"column":6},"end":{"line":11,"column":14}},{"start":{"line":11,"column":19},"end":{"line":11,"column":33}},{"start":{"line":11,"column":37},"end":{"line":11,"column":71}}],"line":11}},"s":{"0":1,"1":1,"2":1,"3":0,"4":0,"5":0,"6":0,"7":0,"8":0,"9":1},"f":{"0":0},"b":{"0":[0,0],"1":[0,0],"2":[0,0,0]},"_coverageSchema":"1a1c01bbd47fc00a2c39e90264f33305004495a9","hash":"75af365b4cd75a2273931e89f14e073e7fb30611"}
,"C:\\Users\\LENOVO\\Documents\\UNNES\\MSIB\\MSIB BATCH 7 - Binar Academy\\Challenge\\CHAPTER 7\\challenge-ch7-main\\middlewares\\checkRole.js": {"path":"C:\\Users\\LENOVO\\Documents\\UNNES\\MSIB\\MSIB BATCH 7 - Binar Academy\\Challenge\\CHAPTER 7\\challenge-ch7-main\\middlewares\\checkRole.js","statementMap":{"0":{"start":{"line":1,"column":17},"end":{"line":1,"column":45}},"1":{"start":{"line":3,"column":18},"end":{"line":20,"column":1}},"2":{"start":{"line":4,"column":2},"end":{"line":19,"column":4}},"3":{"start":{"line":5,"column":4},"end":{"line":18,"column":5}},"4":{"start":{"line":6,"column":6},"end":{"line":14,"column":7}},"5":{"start":{"line":7,"column":29},"end":{"line":7,"column":47}},"6":{"start":{"line":8,"column":8},"end":{"line":13,"column":10}},"7":{"start":{"line":15,"column":6},"end":{"line":15,"column":13}},"8":{"start":{"line":17,"column":6},"end":{"line":17,"column":43}},"9":{"start":{"line":22,"column":0},"end":{"line":22,"column":27}}},"fnMap":{"0":{"name":"(anonymous_0)","decl":{"start":{"line":3,"column":18},"end":{"line":3,"column":19}},"loc":{"start":{"line":3,"column":29},"end":{"line":20,"column":1}},"line":3},"1":{"name":"(anonymous_1)","decl":{"start":{"line":4,"column":9},"end":{"line":4,"column":10}},"loc":{"start":{"line":4,"column":35},"end":{"line":19,"column":3}},"line":4}},"branchMap":{"0":{"loc":{"start":{"line":6,"column":6},"end":{"line":14,"column":7}},"type":"if","locations":[{"start":{"line":6,"column":6},"end":{"line":14,"column":7}},{"start":{},"end":{}}],"line":6}},"s":{"0":1,"1":1,"2":3,"3":0,"4":0,"5":0,"6":0,"7":0,"8":0,"9":1},"f":{"0":3,"1":0},"b":{"0":[0,0]},"_coverageSchema":"1a1c01bbd47fc00a2c39e90264f33305004495a9","hash":"5f759a89a83d9d97083a5f7fae4517d959658171"}
,"C:\\Users\\LENOVO\\Documents\\UNNES\\MSIB\\MSIB BATCH 7 - Binar Academy\\Challenge\\CHAPTER 7\\challenge-ch7-main\\middlewares\\uploader.js": {"path":"C:\\Users\\LENOVO\\Documents\\UNNES\\MSIB\\MSIB BATCH 7 - Binar Academy\\Challenge\\CHAPTER 7\\challenge-ch7-main\\middlewares\\uploader.js","statementMap":{"0":{"start":{"line":1,"column":15},"end":{"line":1,"column":32}},"1":{"start":{"line":2,"column":17},"end":{"line":2,"column":45}},"2":{"start":{"line":4,"column":24},"end":{"line":14,"column":1}},"3":{"start":{"line":5,"column":2},"end":{"line":13,"column":3}},"4":{"start":{"line":10,"column":4},"end":{"line":10,"column":19}},"5":{"start":{"line":12,"column":4},"end":{"line":12,"column":57}},"6":{"start":{"line":16,"column":15},"end":{"line":18,"column":2}},"7":{"start":{"line":20,"column":0},"end":{"line":20,"column":24}}},"fnMap":{"0":{"name":"(anonymous_0)","decl":{"start":{"line":4,"column":24},"end":{"line":4,"column":25}},"loc":{"start":{"line":4,"column":43},"end":{"line":14,"column":1}},"line":4}},"branchMap":{"0":{"loc":{"start":{"line":5,"column":2},"end":{"line":13,"column":3}},"type":"if","locations":[{"start":{"line":5,"column":2},"end":{"line":13,"column":3}},{"start":{"line":11,"column":9},"end":{"line":13,"column":3}}],"line":5},"1":{"loc":{"start":{"line":6,"column":4},"end":{"line":8,"column":33}},"type":"binary-expr","locations":[{"start":{"line":6,"column":4},"end":{"line":6,"column":32}},{"start":{"line":7,"column":4},"end":{"line":7,"column":32}},{"start":{"line":8,"column":4},"end":{"line":8,"column":33}}],"line":6}},"s":{"0":1,"1":1,"2":1,"3":0,"4":0,"5":0,"6":1,"7":1},"f":{"0":0},"b":{"0":[0,0],"1":[0,0,0]},"_coverageSchema":"1a1c01bbd47fc00a2c39e90264f33305004495a9","hash":"0ab2cf1565d153f29d73373da8530826c8768e2a"}
,"C:\\Users\\LENOVO\\Documents\\UNNES\\MSIB\\MSIB BATCH 7 - Binar Academy\\Challenge\\CHAPTER 7\\challenge-ch7-main\\models\\auth.js": {"path":"C:\\Users\\LENOVO\\Documents\\UNNES\\MSIB\\MSIB BATCH 7 - Binar Academy\\Challenge\\CHAPTER 7\\challenge-ch7-main\\models\\auth.js","statementMap":{"0":{"start":{"line":2,"column":18},"end":{"line":2,"column":38}},"1":{"start":{"line":3,"column":0},"end":{"line":40,"column":2}},"2":{"start":{"line":12,"column":6},"end":{"line":17,"column":9}},"3":{"start":{"line":20,"column":2},"end":{"line":38,"column":4}},"4":{"start":{"line":39,"column":2},"end":{"line":39,"column":14}}},"fnMap":{"0":{"name":"(anonymous_0)","decl":{"start":{"line":3,"column":17},"end":{"line":3,"column":18}},"loc":{"start":{"line":3,"column":43},"end":{"line":40,"column":1}},"line":3},"1":{"name":"(anonymous_1)","decl":{"start":{"line":10,"column":4},"end":{"line":10,"column":5}},"loc":{"start":{"line":10,"column":29},"end":{"line":18,"column":5}},"line":10}},"branchMap":{},"s":{"0":1,"1":1,"2":1,"3":1,"4":1},"f":{"0":1,"1":1},"b":{},"_coverageSchema":"1a1c01bbd47fc00a2c39e90264f33305004495a9","hash":"6937b95af9723abff9385333c4f4e0e47a5e02bd"}
,"C:\\Users\\LENOVO\\Documents\\UNNES\\MSIB\\MSIB BATCH 7 - Binar Academy\\Challenge\\CHAPTER 7\\challenge-ch7-main\\models\\index.js": {"path":"C:\\Users\\LENOVO\\Documents\\UNNES\\MSIB\\MSIB BATCH 7 - Binar Academy\\Challenge\\CHAPTER 7\\challenge-ch7-main\\models\\index.js","statementMap":{"0":{"start":{"line":3,"column":11},"end":{"line":3,"column":24}},"1":{"start":{"line":4,"column":13},"end":{"line":4,"column":28}},"2":{"start":{"line":5,"column":18},"end":{"line":5,"column":38}},"3":{"start":{"line":6,"column":16},"end":{"line":6,"column":34}},"4":{"start":{"line":7,"column":17},"end":{"line":7,"column":42}},"5":{"start":{"line":8,"column":12},"end":{"line":8,"column":49}},"6":{"start":{"line":9,"column":15},"end":{"line":9,"column":65}},"7":{"start":{"line":10,"column":11},"end":{"line":10,"column":13}},"8":{"start":{"line":13,"column":0},"end":{"line":22,"column":1}},"9":{"start":{"line":14,"column":2},"end":{"line":14,"column":74}},"10":{"start":{"line":16,"column":2},"end":{"line":21,"column":4}},"11":{"start":{"line":24,"column":0},"end":{"line":39,"column":5}},"12":{"start":{"line":26,"column":4},"end":{"line":31,"column":6}},"13":{"start":{"line":34,"column":18},"end":{"line":37,"column":5}},"14":{"start":{"line":38,"column":4},"end":{"line":38,"column":27}},"15":{"start":{"line":41,"column":0},"end":{"line":45,"column":3}},"16":{"start":{"line":42,"column":2},"end":{"line":44,"column":3}},"17":{"start":{"line":43,"column":4},"end":{"line":43,"column":32}},"18":{"start":{"line":47,"column":0},"end":{"line":47,"column":25}},"19":{"start":{"line":48,"column":0},"end":{"line":48,"column":25}},"20":{"start":{"line":50,"column":0},"end":{"line":50,"column":20}}},"fnMap":{"0":{"name":"(anonymous_0)","decl":{"start":{"line":25,"column":10},"end":{"line":25,"column":11}},"loc":{"start":{"line":25,"column":20},"end":{"line":32,"column":3}},"line":25},"1":{"name":"(anonymous_1)","decl":{"start":{"line":33,"column":11},"end":{"line":33,"column":12}},"loc":{"start":{"line":33,"column":21},"end":{"line":39,"column":3}},"line":33},"2":{"name":"(anonymous_2)","decl":{"start":{"line":41,"column":24},"end":{"line":41,"column":25}},"loc":{"start":{"line":41,"column":39},"end":{"line":45,"column":1}},"line":41}},"branchMap":{"0":{"loc":{"start":{"line":8,"column":12},"end":{"line":8,"column":49}},"type":"binary-expr","locations":[{"start":{"line":8,"column":12},"end":{"line":8,"column":32}},{"start":{"line":8,"column":36},"end":{"line":8,"column":49}}],"line":8},"1":{"loc":{"start":{"line":13,"column":0},"end":{"line":22,"column":1}},"type":"if","locations":[{"start":{"line":13,"column":0},"end":{"line":22,"column":1}},{"start":{"line":15,"column":7},"end":{"line":22,"column":1}}],"line":13},"2":{"loc":{"start":{"line":27,"column":6},"end":{"line":30,"column":37}},"type":"binary-expr","locations":[{"start":{"line":27,"column":6},"end":{"line":27,"column":29}},{"start":{"line":28,"column":6},"end":{"line":28,"column":23}},{"start":{"line":29,"column":6},"end":{"line":29,"column":30}},{"start":{"line":30,"column":6},"end":{"line":30,"column":37}}],"line":27},"3":{"loc":{"start":{"line":42,"column":2},"end":{"line":44,"column":3}},"type":"if","locations":[{"start":{"line":42,"column":2},"end":{"line":44,"column":3}},{"start":{},"end":{}}],"line":42}},"s":{"0":1,"1":1,"2":1,"3":1,"4":1,"5":1,"6":1,"7":1,"8":1,"9":0,"10":1,"11":1,"12":5,"13":4,"14":4,"15":1,"16":4,"17":4,"18":1,"19":1,"20":1},"f":{"0":5,"1":4,"2":4},"b":{"0":[1,0],"1":[0,1],"2":[5,5,4,4],"3":[4,0]},"_coverageSchema":"1a1c01bbd47fc00a2c39e90264f33305004495a9","hash":"d82d129cc237801a6f9d145e729a3c9d2345a850"}
,"C:\\Users\\LENOVO\\Documents\\UNNES\\MSIB\\MSIB BATCH 7 - Binar Academy\\Challenge\\CHAPTER 7\\challenge-ch7-main\\models\\product.js": {"path":"C:\\Users\\LENOVO\\Documents\\UNNES\\MSIB\\MSIB BATCH 7 - Binar Academy\\Challenge\\CHAPTER 7\\challenge-ch7-main\\models\\product.js","statementMap":{"0":{"start":{"line":2,"column":18},"end":{"line":2,"column":38}},"1":{"start":{"line":3,"column":0},"end":{"line":44,"column":2}},"2":{"start":{"line":12,"column":6},"end":{"line":16,"column":9}},"3":{"start":{"line":18,"column":6},"end":{"line":22,"column":9}},"4":{"start":{"line":25,"column":2},"end":{"line":42,"column":4}},"5":{"start":{"line":43,"column":2},"end":{"line":43,"column":17}}},"fnMap":{"0":{"name":"(anonymous_0)","decl":{"start":{"line":3,"column":17},"end":{"line":3,"column":18}},"loc":{"start":{"line":3,"column":43},"end":{"line":44,"column":1}},"line":3},"1":{"name":"(anonymous_1)","decl":{"start":{"line":10,"column":4},"end":{"line":10,"column":5}},"loc":{"start":{"line":10,"column":29},"end":{"line":23,"column":5}},"line":10}},"branchMap":{},"s":{"0":1,"1":1,"2":1,"3":1,"4":1,"5":1},"f":{"0":1,"1":1},"b":{},"_coverageSchema":"1a1c01bbd47fc00a2c39e90264f33305004495a9","hash":"e1cfe68548eb097f2df2fbd1a5052eff35dda56b"}
,"C:\\Users\\LENOVO\\Documents\\UNNES\\MSIB\\MSIB BATCH 7 - Binar Academy\\Challenge\\CHAPTER 7\\challenge-ch7-main\\models\\shop.js": {"path":"C:\\Users\\LENOVO\\Documents\\UNNES\\MSIB\\MSIB BATCH 7 - Binar Academy\\Challenge\\CHAPTER 7\\challenge-ch7-main\\models\\shop.js","statementMap":{"0":{"start":{"line":2,"column":18},"end":{"line":2,"column":38}},"1":{"start":{"line":4,"column":0},"end":{"line":45,"column":2}},"2":{"start":{"line":13,"column":6},"end":{"line":17,"column":9}},"3":{"start":{"line":19,"column":6},"end":{"line":23,"column":9}},"4":{"start":{"line":26,"column":2},"end":{"line":43,"column":4}},"5":{"start":{"line":44,"column":2},"end":{"line":44,"column":14}}},"fnMap":{"0":{"name":"(anonymous_0)","decl":{"start":{"line":4,"column":17},"end":{"line":4,"column":18}},"loc":{"start":{"line":4,"column":43},"end":{"line":45,"column":1}},"line":4},"1":{"name":"(anonymous_1)","decl":{"start":{"line":11,"column":4},"end":{"line":11,"column":5}},"loc":{"start":{"line":11,"column":29},"end":{"line":24,"column":5}},"line":11}},"branchMap":{},"s":{"0":1,"1":1,"2":1,"3":1,"4":1,"5":1},"f":{"0":1,"1":1},"b":{},"_coverageSchema":"1a1c01bbd47fc00a2c39e90264f33305004495a9","hash":"841891d373140ca46df0e5b2da874124461fd2a0"}
,"C:\\Users\\LENOVO\\Documents\\UNNES\\MSIB\\MSIB BATCH 7 - Binar Academy\\Challenge\\CHAPTER 7\\challenge-ch7-main\\models\\user.js": {"path":"C:\\Users\\LENOVO\\Documents\\UNNES\\MSIB\\MSIB BATCH 7 - Binar Academy\\Challenge\\CHAPTER 7\\challenge-ch7-main\\models\\user.js","statementMap":{"0":{"start":{"line":2,"column":18},"end":{"line":2,"column":38}},"1":{"start":{"line":3,"column":0},"end":{"line":53,"column":2}},"2":{"start":{"line":12,"column":6},"end":{"line":16,"column":9}},"3":{"start":{"line":18,"column":6},"end":{"line":22,"column":9}},"4":{"start":{"line":24,"column":6},"end":{"line":28,"column":9}},"5":{"start":{"line":31,"column":2},"end":{"line":51,"column":4}},"6":{"start":{"line":52,"column":2},"end":{"line":52,"column":14}}},"fnMap":{"0":{"name":"(anonymous_0)","decl":{"start":{"line":3,"column":17},"end":{"line":3,"column":18}},"loc":{"start":{"line":3,"column":43},"end":{"line":53,"column":1}},"line":3},"1":{"name":"(anonymous_1)","decl":{"start":{"line":10,"column":4},"end":{"line":10,"column":5}},"loc":{"start":{"line":10,"column":29},"end":{"line":29,"column":5}},"line":10}},"branchMap":{},"s":{"0":1,"1":1,"2":1,"3":1,"4":1,"5":1,"6":1},"f":{"0":1,"1":1},"b":{},"_coverageSchema":"1a1c01bbd47fc00a2c39e90264f33305004495a9","hash":"bdc16e36a170274292e6d29287d0cfd70fd3ae69"}
,"C:\\Users\\LENOVO\\Documents\\UNNES\\MSIB\\MSIB BATCH 7 - Binar Academy\\Challenge\\CHAPTER 7\\challenge-ch7-main\\routes\\adminRouter.js": {"path":"C:\\Users\\LENOVO\\Documents\\UNNES\\MSIB\\MSIB BATCH 7 - Binar Academy\\Challenge\\CHAPTER 7\\challenge-ch7-main\\routes\\adminRouter.js","statementMap":{"0":{"start":{"line":1,"column":15},"end":{"line":1,"column":42}},"1":{"start":{"line":2,"column":15},"end":{"line":2,"column":49}},"2":{"start":{"line":3,"column":14},"end":{"line":3,"column":55}},"3":{"start":{"line":5,"column":0},"end":{"line":5,"column":51}},"4":{"start":{"line":6,"column":0},"end":{"line":6,"column":56}},"5":{"start":{"line":7,"column":0},"end":{"line":7,"column":77}},"6":{"start":{"line":9,"column":0},"end":{"line":9,"column":24}}},"fnMap":{},"branchMap":{},"s":{"0":1,"1":1,"2":1,"3":1,"4":1,"5":1,"6":1},"f":{},"b":{},"_coverageSchema":"1a1c01bbd47fc00a2c39e90264f33305004495a9","hash":"91a958b9a5a71dc0e7c621f6c054c432a69a83fc"}
,"C:\\Users\\LENOVO\\Documents\\UNNES\\MSIB\\MSIB BATCH 7 - Binar Academy\\Challenge\\CHAPTER 7\\challenge-ch7-main\\routes\\authRouter.js": {"path":"C:\\Users\\LENOVO\\Documents\\UNNES\\MSIB\\MSIB BATCH 7 - Binar Academy\\Challenge\\CHAPTER 7\\challenge-ch7-main\\routes\\authRouter.js","statementMap":{"0":{"start":{"line":1,"column":15},"end":{"line":1,"column":42}},"1":{"start":{"line":2,"column":21},"end":{"line":2,"column":59}},"2":{"start":{"line":3,"column":13},"end":{"line":3,"column":53}},"3":{"start":{"line":5,"column":0},"end":{"line":5,"column":40}},"4":{"start":{"line":6,"column":0},"end":{"line":6,"column":34}},"5":{"start":{"line":7,"column":0},"end":{"line":7,"column":51}},"6":{"start":{"line":9,"column":0},"end":{"line":9,"column":24}}},"fnMap":{},"branchMap":{},"s":{"0":1,"1":1,"2":1,"3":1,"4":1,"5":1,"6":1},"f":{},"b":{},"_coverageSchema":"1a1c01bbd47fc00a2c39e90264f33305004495a9","hash":"30139ec90b44341f7398a4917c02030c46875414"}
,"C:\\Users\\LENOVO\\Documents\\UNNES\\MSIB\\MSIB BATCH 7 - Binar Academy\\Challenge\\CHAPTER 7\\challenge-ch7-main\\routes\\index.js": {"path":"C:\\Users\\LENOVO\\Documents\\UNNES\\MSIB\\MSIB BATCH 7 - Binar Academy\\Challenge\\CHAPTER 7\\challenge-ch7-main\\routes\\index.js","statementMap":{"0":{"start":{"line":1,"column":15},"end":{"line":1,"column":42}},"1":{"start":{"line":2,"column":18},"end":{"line":2,"column":47}},"2":{"start":{"line":3,"column":24},"end":{"line":3,"column":55}},"3":{"start":{"line":5,"column":0},"end":{"line":5,"column":41}},"4":{"start":{"line":6,"column":0},"end":{"line":6,"column":58}},"5":{"start":{"line":8,"column":16},"end":{"line":8,"column":42}},"6":{"start":{"line":9,"column":14},"end":{"line":9,"column":38}},"7":{"start":{"line":10,"column":13},"end":{"line":10,"column":36}},"8":{"start":{"line":12,"column":0},"end":{"line":12,"column":40}},"9":{"start":{"line":13,"column":0},"end":{"line":13,"column":33}},"10":{"start":{"line":14,"column":0},"end":{"line":14,"column":23}},"11":{"start":{"line":16,"column":0},"end":{"line":16,"column":24}}},"fnMap":{},"branchMap":{},"s":{"0":1,"1":1,"2":1,"3":1,"4":1,"5":1,"6":1,"7":1,"8":1,"9":1,"10":1,"11":1},"f":{},"b":{},"_coverageSchema":"1a1c01bbd47fc00a2c39e90264f33305004495a9","hash":"da728c948f628d0dbc3f8d4e1a19ac2a5496b240"}
,"C:\\Users\\LENOVO\\Documents\\UNNES\\MSIB\\MSIB BATCH 7 - Binar Academy\\Challenge\\CHAPTER 7\\challenge-ch7-main\\routes\\productRouter.js": {"path":"C:\\Users\\LENOVO\\Documents\\UNNES\\MSIB\\MSIB BATCH 7 - Binar Academy\\Challenge\\CHAPTER 7\\challenge-ch7-main\\routes\\productRouter.js","statementMap":{"0":{"start":{"line":1,"column":15},"end":{"line":1,"column":42}},"1":{"start":{"line":2,"column":15},"end":{"line":2,"column":49}},"2":{"start":{"line":3,"column":20},"end":{"line":3,"column":40}},"3":{"start":{"line":4,"column":26},"end":{"line":4,"column":69}},"4":{"start":{"line":5,"column":21},"end":{"line":5,"column":59}},"5":{"start":{"line":6,"column":18},"end":{"line":6,"column":53}},"6":{"start":{"line":7,"column":23},"end":{"line":7,"column":63}},"7":{"start":{"line":8,"column":16},"end":{"line":8,"column":49}},"8":{"start":{"line":10,"column":0},"end":{"line":16,"column":2}},"9":{"start":{"line":17,"column":0},"end":{"line":17,"column":62}},"10":{"start":{"line":18,"column":0},"end":{"line":23,"column":2}},"11":{"start":{"line":24,"column":0},"end":{"line":32,"column":2}},"12":{"start":{"line":33,"column":0},"end":{"line":40,"column":2}},"13":{"start":{"line":42,"column":0},"end":{"line":42,"column":24}}},"fnMap":{},"branchMap":{},"s":{"0":1,"1":1,"2":1,"3":1,"4":1,"5":1,"6":1,"7":1,"8":1,"9":1,"10":1,"11":1,"12":1,"13":1},"f":{},"b":{},"_coverageSchema":"1a1c01bbd47fc00a2c39e90264f33305004495a9","hash":"ae4b39625de565faf9cd1f4b9836383ab4a8e94d"}
,"C:\\Users\\LENOVO\\Documents\\UNNES\\MSIB\\MSIB BATCH 7 - Binar Academy\\Challenge\\CHAPTER 7\\challenge-ch7-main\\utils\\apiError.js": {"path":"C:\\Users\\LENOVO\\Documents\\UNNES\\MSIB\\MSIB BATCH 7 - Binar Academy\\Challenge\\CHAPTER 7\\challenge-ch7-main\\utils\\apiError.js","statementMap":{"0":{"start":{"line":3,"column":4},"end":{"line":3,"column":19}},"1":{"start":{"line":5,"column":4},"end":{"line":5,"column":33}},"2":{"start":{"line":6,"column":4},"end":{"line":6,"column":71}},"3":{"start":{"line":8,"column":4},"end":{"line":8,"column":52}},"4":{"start":{"line":12,"column":0},"end":{"line":12,"column":26}}},"fnMap":{"0":{"name":"(anonymous_0)","decl":{"start":{"line":2,"column":2},"end":{"line":2,"column":3}},"loc":{"start":{"line":2,"column":35},"end":{"line":9,"column":3}},"line":2}},"branchMap":{"0":{"loc":{"start":{"line":6,"column":18},"end":{"line":6,"column":70}},"type":"cond-expr","locations":[{"start":{"line":6,"column":52},"end":{"line":6,"column":60}},{"start":{"line":6,"column":63},"end":{"line":6,"column":70}}],"line":6}},"s":{"0":5,"1":5,"2":5,"3":5,"4":1},"f":{"0":5},"b":{"0":[5,0]},"_coverageSchema":"1a1c01bbd47fc00a2c39e90264f33305004495a9","hash":"9382dd3380e9888f483d31c3f3d38f225a1b2a68"}
}
